<?xml version="1.0" encoding="utf-8"?><testsuites name="pytest tests"><testsuite name="pytest" errors="0" failures="0" skipped="0" tests="26" time="9.910" timestamp="2026-05-08T11:49:12.859278+00:00" hostname="agent-env-ae0bac02-c032-4898-972e-c7fe5916774c"><testcase classname="tests.test_ledgerly.TestProjects" name="test_create_seeds_9_default_categories" time="0.296" /><testcase classname="tests.test_ledgerly.TestProjects" name="test_list_projects_includes_created" time="0.119" /><testcase classname="tests.test_ledgerly.TestProjects" name="test_delete_cascades" time="0.629" /><testcase classname="tests.test_ledgerly.TestCategories" name="test_create_invalid_type_rejected" time="0.134" /><testcase classname="tests.test_ledgerly.TestCategories" name="test_create_update_delete_nulls_tx" time="0.881" /><testcase classname="tests.test_ledgerly.TestUploadCSV" name="test_csv_date_description_amount" time="0.145" /><testcase classname="tests.test_ledgerly.TestUploadCSV" name="test_csv_dedupe_on_reupload" time="0.113" /><testcase classname="tests.test_ledgerly.TestUploadCSV" name="test_csv_debit_credit_variant" time="0.543" /><testcase classname="tests.test_ledgerly.TestFilters" name="test_filter_year_month_uncategorized" time="0.255" /><testcase classname="tests.test_ledgerly.TestRules" name="test_apply_to_similar_creates_rule_and_back_applies" time="0.483" /><testcase classname="tests.test_ledgerly.TestRules" name="test_subsequent_upload_auto_categorizes_via_rule" time="0.258" /><testcase classname="tests.test_ledgerly.TestSuggest" name="test_suggest_returns_valid_category" time="1.883" /><testcase classname="tests.test_ledgerly.TestAnalytics" name="test_yearly" time="0.127" /><testcase classname="tests.test_ledgerly.TestAnalytics" name="test_category_detail" time="0.117" /><testcase classname="tests.test_ledgerly.TestAnalytics" name="test_years" time="0.255" /><testcase classname="tests.test_iteration2.TestBulkCategorize" name="test_bulk_no_ids_400" time="0.536" /><testcase classname="tests.test_iteration2.TestBulkCategorize" name="test_bulk_invalid_category_404" time="0.131" /><testcase classname="tests.test_iteration2.TestBulkCategorize" name="test_bulk_categorize_with_apply_to_similar" time="0.337" /><testcase classname="tests.test_iteration2.TestBulkCategorize" name="test_bulk_categorize_multiple_ids_no_rule" time="0.400" /><testcase classname="tests.test_iteration2.TestExport" name="test_export_basic_headers" time="0.124" /><testcase classname="tests.test_iteration2.TestExport" name="test_export_year_filter" time="0.215" /><testcase classname="tests.test_iteration2.TestExport" name="test_export_uncategorized_label" time="0.526" /><testcase classname="tests.test_iteration2.TestRecurring" name="test_recurring_detects_monthly" time="0.098" /><testcase classname="tests.test_iteration2.TestRecurring" name="test_recurring_lookback_filter" time="0.105" /><testcase classname="tests.test_iteration2.TestRecurring" name="test_recurring_empty_project" time="0.433" /><testcase classname="tests.test_iteration2.TestYearlyUncatSplit" name="test_uncategorized_split_into_income_and_expense" time="0.686" /></testsuite></testsuites>