<?xml version="1.0" encoding="utf-8"?><testsuites name="pytest tests"><testsuite name="pytest" errors="0" failures="0" skipped="1" tests="116" time="115.209" timestamp="2026-05-12T22:02:59.338529+00:00" hostname="agent-env-ae0bac02-c032-4898-972e-c7fe5916774c"><testcase classname="tests.test_iteration10_real_pdfs" name="test_nationwide_row_count" time="0.750" /><testcase classname="tests.test_iteration10_real_pdfs" name="test_nationwide_net_matches_balance_delta" time="0.770" /><testcase classname="tests.test_iteration10_real_pdfs" name="test_nationwide_picks_up_largest_expense" time="0.777" /><testcase classname="tests.test_iteration10_real_pdfs" name="test_nationwide_income_rows_have_positive_amounts" time="0.777" /><testcase classname="tests.test_iteration10_real_pdfs" name="test_bos_row_count" time="0.412" /><testcase classname="tests.test_iteration10_real_pdfs" name="test_bos_descriptions_have_first_letter" time="0.416" /><testcase classname="tests.test_iteration10_real_pdfs" name="test_bos_no_doubled_first_letter" time="0.443" /><testcase classname="tests.test_iteration10_real_pdfs" name="test_bos_money_in_vs_out_signs" time="0.420" /><testcase classname="tests.test_iteration10_real_pdfs" name="test_bos_dates_decoded_with_day_prefix" time="0.419" /><testcase classname="tests.test_iteration11_bank_subcat.TestBankAccountsCRUD" name="test_create_then_list" time="0.629" /><testcase classname="tests.test_iteration11_bank_subcat.TestBankAccountsCRUD" name="test_duplicate_returns_409" time="0.152" /><testcase classname="tests.test_iteration11_bank_subcat.TestBankAccountsCRUD" name="test_update_name_color_sort_code" time="0.333" /><testcase classname="tests.test_iteration11_bank_subcat.TestBankAccountsCRUD" name="test_delete_detaches_transactions" time="1.898" /><testcase classname="tests.test_iteration11_bank_subcat.TestPdfAutoDetect" name="test_nationwide_auto_create" time="1.447" /><testcase classname="tests.test_iteration11_bank_subcat.TestPdfAutoDetect" name="test_bos_auto_create" time="1.082" /><testcase classname="tests.test_iteration11_bank_subcat.TestPdfAutoDetect" name="test_nationwide_reupload_reuses_account" time="1.296" /><testcase classname="tests.test_iteration11_bank_subcat.TestPdfAutoDetect" name="test_transactions_have_time_and_sequential" time="0.263" /><testcase classname="tests.test_iteration11_bank_subcat.TestPdfAutoDetect" name="test_bank_account_filter_on_listings" time="0.885" /><testcase classname="tests.test_iteration11_bank_subcat.TestSubCategories" name="test_create_subcategory" time="0.491" /><testcase classname="tests.test_iteration11_bank_subcat.TestSubCategories" name="test_one_level_deep_enforced" time="0.321" /><testcase classname="tests.test_iteration11_bank_subcat.TestSubCategories" name="test_put_clears_parent_with_empty_string" time="0.449" /><testcase classname="tests.test_iteration11_bank_subcat.TestSubCategories" name="test_delete_parent_detaches_children" time="0.935" /><testcase classname="tests.test_iteration11_bank_subcat.TestBudgetRollup" name="test_child_spend_rolls_into_parent_budget" time="1.860" /><testcase classname="tests.test_iteration11_bank_subcat" name="test_project_delete_cascades_bank_accounts" time="0.608" /><testcase classname="tests.test_iteration12_splits.TestSplitHappyPath" name="test_split_creates_children_and_flags_parent" time="1.218" /><testcase classname="tests.test_iteration12_splits.TestSplitHappyPath" name="test_list_splits_endpoint" time="0.273" /><testcase classname="tests.test_iteration12_splits.TestSplitHappyPath" name="test_unsplit_clears_children_and_flag" time="0.725" /><testcase classname="tests.test_iteration12_splits.TestSplitValidation" name="test_sum_mismatch" time="0.754" /><testcase classname="tests.test_iteration12_splits.TestSplitValidation" name="test_sign_mismatch" time="0.278" /><testcase classname="tests.test_iteration12_splits.TestSplitValidation" name="test_fewer_than_two_lines" time="0.360" /><testcase classname="tests.test_iteration12_splits.TestSplitValidation" name="test_cannot_resplit_or_split_child" time="0.723" /><testcase classname="tests.test_iteration12_splits.TestAnalyticsBudgetsExcludeSplitParents" name="test_yearly_total_unchanged_after_split" time="1.310" /><testcase classname="tests.test_iteration12_splits.TestAnalyticsBudgetsExcludeSplitParents" name="test_budgets_progress_uses_child_spend" time="0.442" /><testcase classname="tests.test_iteration12_splits.TestDetectSplitsEndpoint" name="test_returns_400_when_ai_disabled" time="0.635" /><testcase classname="tests.test_iteration2.TestBulkCategorize" name="test_bulk_no_ids_400" time="0.737" /><testcase classname="tests.test_iteration2.TestBulkCategorize" name="test_bulk_invalid_category_404" time="0.148" /><testcase classname="tests.test_iteration2.TestBulkCategorize" name="test_bulk_categorize_with_apply_to_similar" time="0.454" /><testcase classname="tests.test_iteration2.TestBulkCategorize" name="test_bulk_categorize_multiple_ids_no_rule" time="0.480" /><testcase classname="tests.test_iteration2.TestExport" name="test_export_basic_headers" time="0.131" /><testcase classname="tests.test_iteration2.TestExport" name="test_export_year_filter" time="0.287" /><testcase classname="tests.test_iteration2.TestExport" name="test_export_uncategorized_label" time="0.601" /><testcase classname="tests.test_iteration2.TestRecurring" name="test_recurring_detects_monthly" time="0.138" /><testcase classname="tests.test_iteration2.TestRecurring" name="test_recurring_lookback_filter" time="0.141" /><testcase classname="tests.test_iteration2.TestRecurring" name="test_recurring_empty_project" time="0.479" /><testcase classname="tests.test_iteration2.TestYearlyUncatSplit" name="test_uncategorized_split_into_income_and_expense" time="0.749" /><testcase classname="tests.test_iteration5.TestUploadFormats" name="test_csv_still_works" time="0.301" /><testcase classname="tests.test_iteration5.TestUploadFormats" name="test_tsv" time="0.146" /><testcase classname="tests.test_iteration5.TestUploadFormats" name="test_xlsx" time="0.156" /><testcase classname="tests.test_iteration5.TestUploadFormats" name="test_xls" time="0.002"><skipped type="pytest.skip" message="xlwt not installed - cannot author .xls in-test">/app/backend/tests/test_iteration5.py:104: xlwt not installed - cannot author .xls in-test</skipped></testcase><testcase classname="tests.test_iteration5.TestUploadFormats" name="test_ods" time="0.175" /><testcase classname="tests.test_iteration5.TestUploadFormats" name="test_ofx" time="0.290" /><testcase classname="tests.test_iteration5.TestUploadFormats" name="test_unknown_extension_falls_back_to_csv" time="0.138" /><testcase classname="tests.test_iteration5.TestGoogleSheetUrlHelper" name="test_transformations" time="1.753" /><testcase classname="tests.test_iteration5.TestImportUrl" name="test_project_not_found" time="0.150" /><testcase classname="tests.test_iteration5.TestImportUrl" name="test_non_google_csv_url" time="0.330" /><testcase classname="tests.test_iteration5.TestImportUrl" name="test_google_sheets_private_url_gives_helpful_error" time="0.259" /><testcase classname="tests.test_iteration5.TestImportUrl" name="test_google_sheets_url_transforms_and_imports_via_mock" time="0.449" /><testcase classname="tests.test_iteration5.TestParserUnits" name="test_parse_tsv" time="0.002" /><testcase classname="tests.test_iteration5.TestParserUnits" name="test_parse_excel" time="0.009" /><testcase classname="tests.test_iteration5.TestParserUnits" name="test_parse_ods" time="0.005" /><testcase classname="tests.test_iteration5.TestParserUnits" name="test_parse_ofx" time="0.051" /><testcase classname="tests.test_iteration5.TestParserUnits" name="test_detect_format" time="0.140" /><testcase classname="tests.test_iteration6.TestParserTypeColumn" name="test_type_column_dr_cr" time="0.002" /><testcase classname="tests.test_iteration6.TestParserTypeColumn" name="test_debit_credit_columns_take_precedence" time="0.001" /><testcase classname="tests.test_iteration6.TestParserTypeColumn" name="test_signed_amount_no_regression" time="0.001" /><testcase classname="tests.test_iteration6.TestReclassify" name="test_upload_type_csv_yields_correct_signs" time="0.423" /><testcase classname="tests.test_iteration6.TestReclassify" name="test_reclassify_endpoint_returns_shape" time="0.131" /><testcase classname="tests.test_iteration6.TestSettings" name="test_get_default_settings" time="0.127" /><testcase classname="tests.test_iteration6.TestSettings" name="test_put_partial_update_persists" time="0.538" /><testcase classname="tests.test_iteration6.TestSettings" name="test_put_invalid_provider_rejected" time="0.147" /><testcase classname="tests.test_iteration6.TestSettings" name="test_test_ollama_unreachable_graceful" time="0.158" /><testcase classname="tests.test_iteration6.TestSuggestDispatch" name="test_suggest_disabled" time="0.591" /><testcase classname="tests.test_iteration6.TestSuggestDispatch" name="test_suggest_ollama_unreachable_graceful" time="0.578" /><testcase classname="tests.test_iteration6.TestSuggestDispatch" name="test_suggest_emergent_works" time="21.539" /><testcase classname="tests.test_iteration7.TestSingleUpdateSignFlip" name="test_positive_to_expense_flips_to_negative" time="0.900" /><testcase classname="tests.test_iteration7.TestSingleUpdateSignFlip" name="test_negative_to_income_flips_to_positive" time="0.601" /><testcase classname="tests.test_iteration7.TestBulkCategorizeSignFlip" name="test_bulk_categorize_flips_all" time="0.586" /><testcase classname="tests.test_iteration7.TestApplyToSimilarSignFlip" name="test_apply_to_similar_flips_back_applied" time="0.570" /><testcase classname="tests.test_iteration7.TestReclassifyEnhanced" name="test_reclassify_fixes_categorized_and_uncategorized" time="11.567" /><testcase classname="tests.test_iteration7.TestAnalyticsAfterCategorize" name="test_yearly_split_correctly_after_assign" time="0.759" /><testcase classname="tests.test_iteration7.TestSettingsEmergentKey" name="test_get_settings_includes_emergent_key_field" time="4.203" /><testcase classname="tests.test_iteration7.TestSettingsEmergentKey" name="test_put_emergent_key_persists" time="0.600" /><testcase classname="tests.test_iteration7.TestSettingsEmergentKey" name="test_test_emergent_with_garbage_key" time="0.196" /><testcase classname="tests.test_iteration7.TestSettingsEmergentKey" name="test_test_emergent_with_bundled_env_key" time="1.697" /><testcase classname="tests.test_iteration7.TestBulkSuggest" name="test_bulk_suggest_400_when_provider_none" time="0.558" /><testcase classname="tests.test_iteration7.TestBulkSuggest" name="test_bulk_suggest_400_when_emergent_no_key" time="6.927" /><testcase classname="tests.test_iteration7.TestBulkSuggest" name="test_bulk_suggest_response_shape_minimal" time="6.690" /><testcase classname="tests.test_iteration8_budgets.TestBudgetsCRUD" name="test_empty_list_on_fresh_project" time="0.545" /><testcase classname="tests.test_iteration8_budgets.TestBudgetsCRUD" name="test_upsert_insert_then_update_no_duplicate" time="0.972" /><testcase classname="tests.test_iteration8_budgets.TestBudgetsCRUD" name="test_different_period_creates_separate_row" time="1.057" /><testcase classname="tests.test_iteration8_budgets.TestBudgetsCRUD" name="test_amount_zero_deletes" time="1.154" /><testcase classname="tests.test_iteration8_budgets.TestBudgetsCRUD" name="test_validations" time="0.968" /><testcase classname="tests.test_iteration8_budgets.TestBudgetsCRUD" name="test_delete_endpoint" time="0.953" /><testcase classname="tests.test_iteration8_budgets.TestBudgetsProgress" name="test_progress_no_tx_ok" time="0.817" /><testcase classname="tests.test_iteration8_budgets.TestBudgetsProgress" name="test_progress_over_status" time="1.272" /><testcase classname="tests.test_iteration8_budgets.TestBudgetsProgress" name="test_progress_warn_status" time="1.573" /><testcase classname="tests.test_iteration8_budgets.TestRollover" name="test_rollover_with_prior_tx" time="1.289" /><testcase classname="tests.test_iteration8_budgets.TestRollover" name="test_rollover_no_prior_tx_caps_at_12x" time="0.768" /><testcase classname="tests.test_iteration8_budgets.TestCascadeDelete" name="test_delete_category_removes_budget" time="0.996" /><testcase classname="tests.test_iteration8_budgets.TestCascadeDelete" name="test_delete_project_removes_all_budgets" time="0.839" /><testcase classname="tests.test_iteration8_budgets.TestIncomeTarget" name="test_income_progress_uses_received_as_spent" time="1.378" /><testcase classname="tests.test_ledgerly.TestProjects" name="test_create_seeds_9_default_categories" time="0.289" /><testcase classname="tests.test_ledgerly.TestProjects" name="test_list_projects_includes_created" time="0.201" /><testcase classname="tests.test_ledgerly.TestProjects" name="test_delete_cascades" time="0.725" /><testcase classname="tests.test_ledgerly.TestCategories" name="test_create_invalid_type_rejected" time="0.142" /><testcase classname="tests.test_ledgerly.TestCategories" name="test_create_update_delete_nulls_tx" time="1.038" /><testcase classname="tests.test_ledgerly.TestUploadCSV" name="test_csv_date_description_amount" time="0.174" /><testcase classname="tests.test_ledgerly.TestUploadCSV" name="test_csv_dedupe_on_reupload" time="0.155" /><testcase classname="tests.test_ledgerly.TestUploadCSV" name="test_csv_debit_credit_variant" time="0.635" /><testcase classname="tests.test_ledgerly.TestFilters" name="test_filter_year_month_uncategorized" time="0.308" /><testcase classname="tests.test_ledgerly.TestRules" name="test_apply_to_similar_creates_rule_and_back_applies" time="0.573" /><testcase classname="tests.test_ledgerly.TestRules" name="test_subsequent_upload_auto_categorizes_via_rule" time="0.386" /><testcase classname="tests.test_ledgerly.TestSuggest" name="test_suggest_returns_valid_category" time="1.502" /><testcase classname="tests.test_ledgerly.TestAnalytics" name="test_yearly" time="0.151" /><testcase classname="tests.test_ledgerly.TestAnalytics" name="test_category_detail" time="0.196" /><testcase classname="tests.test_ledgerly.TestAnalytics" name="test_years" time="0.291" /></testsuite></testsuites>