<?xml version="1.0" encoding="utf-8"?><testsuites name="pytest tests"><testsuite name="pytest" errors="0" failures="0" skipped="0" tests="26" time="9.169" timestamp="2026-05-08T10:53:13.042780+00:00" hostname="agent-env-ae0bac02-c032-4898-972e-c7fe5916774c"><testcase classname="tests.test_iteration2.TestBulkCategorize" name="test_bulk_no_ids_400" time="0.603" /><testcase classname="tests.test_iteration2.TestBulkCategorize" name="test_bulk_invalid_category_404" time="0.103" /><testcase classname="tests.test_iteration2.TestBulkCategorize" name="test_bulk_categorize_with_apply_to_similar" time="0.366" /><testcase classname="tests.test_iteration2.TestBulkCategorize" name="test_bulk_categorize_multiple_ids_no_rule" time="0.323" /><testcase classname="tests.test_iteration2.TestExport" name="test_export_basic_headers" time="0.100" /><testcase classname="tests.test_iteration2.TestExport" name="test_export_year_filter" time="0.214" /><testcase classname="tests.test_iteration2.TestExport" name="test_export_uncategorized_label" time="0.479" /><testcase classname="tests.test_iteration2.TestRecurring" name="test_recurring_detects_monthly" time="0.105" /><testcase classname="tests.test_iteration2.TestRecurring" name="test_recurring_lookback_filter" time="0.112" /><testcase classname="tests.test_iteration2.TestRecurring" name="test_recurring_empty_project" time="0.374" /><testcase classname="tests.test_iteration2.TestYearlyUncatSplit" name="test_uncategorized_split_into_income_and_expense" time="0.620" /><testcase classname="tests.test_ledgerly.TestProjects" name="test_create_seeds_9_default_categories" time="0.249" /><testcase classname="tests.test_ledgerly.TestProjects" name="test_list_projects_includes_created" time="0.102" /><testcase classname="tests.test_ledgerly.TestProjects" name="test_delete_cascades" time="0.634" /><testcase classname="tests.test_ledgerly.TestCategories" name="test_create_invalid_type_rejected" time="0.111" /><testcase classname="tests.test_ledgerly.TestCategories" name="test_create_update_delete_nulls_tx" time="0.776" /><testcase classname="tests.test_ledgerly.TestUploadCSV" name="test_csv_date_description_amount" time="0.123" /><testcase classname="tests.test_ledgerly.TestUploadCSV" name="test_csv_dedupe_on_reupload" time="0.109" /><testcase classname="tests.test_ledgerly.TestUploadCSV" name="test_csv_debit_credit_variant" time="0.486" /><testcase classname="tests.test_ledgerly.TestFilters" name="test_filter_year_month_uncategorized" time="0.279" /><testcase classname="tests.test_ledgerly.TestRules" name="test_apply_to_similar_creates_rule_and_back_applies" time="0.458" /><testcase classname="tests.test_ledgerly.TestRules" name="test_subsequent_upload_auto_categorizes_via_rule" time="0.211" /><testcase classname="tests.test_ledgerly.TestSuggest" name="test_suggest_returns_valid_category" time="1.689" /><testcase classname="tests.test_ledgerly.TestAnalytics" name="test_yearly" time="0.111" /><testcase classname="tests.test_ledgerly.TestAnalytics" name="test_category_detail" time="0.130" /><testcase classname="tests.test_ledgerly.TestAnalytics" name="test_years" time="0.233" /></testsuite></testsuites>