<?xml version="1.0" encoding="utf-8"?><testsuites name="pytest tests"><testsuite name="pytest" errors="0" failures="0" skipped="1" tests="17" time="4.849" timestamp="2026-05-08T11:49:01.212437+00:00" hostname="agent-env-ae0bac02-c032-4898-972e-c7fe5916774c"><testcase classname="tests.test_iteration5.TestUploadFormats" name="test_csv_still_works" time="0.498" /><testcase classname="tests.test_iteration5.TestUploadFormats" name="test_tsv" time="0.134" /><testcase classname="tests.test_iteration5.TestUploadFormats" name="test_xlsx" time="0.243" /><testcase classname="tests.test_iteration5.TestUploadFormats" name="test_xls" time="0.007"><skipped type="pytest.skip" message="xlwt not installed - cannot author .xls in-test">/app/backend/tests/test_iteration5.py:104: xlwt not installed - cannot author .xls in-test</skipped></testcase><testcase classname="tests.test_iteration5.TestUploadFormats" name="test_ods" time="0.159" /><testcase classname="tests.test_iteration5.TestUploadFormats" name="test_ofx" time="0.301" /><testcase classname="tests.test_iteration5.TestUploadFormats" name="test_unknown_extension_falls_back_to_csv" time="0.106" /><testcase classname="tests.test_iteration5.TestGoogleSheetUrlHelper" name="test_transformations" time="1.559" /><testcase classname="tests.test_iteration5.TestImportUrl" name="test_project_not_found" time="0.107" /><testcase classname="tests.test_iteration5.TestImportUrl" name="test_non_google_csv_url" time="0.516" /><testcase classname="tests.test_iteration5.TestImportUrl" name="test_google_sheets_private_url_gives_helpful_error" time="0.230" /><testcase classname="tests.test_iteration5.TestImportUrl" name="test_google_sheets_url_transforms_and_imports_via_mock" time="0.461" /><testcase classname="tests.test_iteration5.TestParserUnits" name="test_parse_tsv" time="0.002" /><testcase classname="tests.test_iteration5.TestParserUnits" name="test_parse_excel" time="0.008" /><testcase classname="tests.test_iteration5.TestParserUnits" name="test_parse_ods" time="0.004" /><testcase classname="tests.test_iteration5.TestParserUnits" name="test_parse_ofx" time="0.046" /><testcase classname="tests.test_iteration5.TestParserUnits" name="test_detect_format" time="0.116" /></testsuite></testsuites>