<?xml version="1.0" encoding="utf-8"?><testsuites name="pytest tests"><testsuite name="pytest" errors="0" failures="0" skipped="0" tests="11" time="3.709" timestamp="2026-05-08T09:59:06.249696+00:00" hostname="agent-env-ae0bac02-c032-4898-972e-c7fe5916774c"><testcase classname="backend.tests.test_iteration2.TestBulkCategorize" name="test_bulk_no_ids_400" time="0.780" /><testcase classname="backend.tests.test_iteration2.TestBulkCategorize" name="test_bulk_invalid_category_404" time="0.215" /><testcase classname="backend.tests.test_iteration2.TestBulkCategorize" name="test_bulk_categorize_with_apply_to_similar" time="0.306" /><testcase classname="backend.tests.test_iteration2.TestBulkCategorize" name="test_bulk_categorize_multiple_ids_no_rule" time="0.366" /><testcase classname="backend.tests.test_iteration2.TestExport" name="test_export_basic_headers" time="0.115" /><testcase classname="backend.tests.test_iteration2.TestExport" name="test_export_year_filter" time="0.256" /><testcase classname="backend.tests.test_iteration2.TestExport" name="test_export_uncategorized_label" time="0.538" /><testcase classname="backend.tests.test_iteration2.TestRecurring" name="test_recurring_detects_monthly" time="0.110" /><testcase classname="backend.tests.test_iteration2.TestRecurring" name="test_recurring_lookback_filter" time="0.104" /><testcase classname="backend.tests.test_iteration2.TestRecurring" name="test_recurring_empty_project" time="0.330" /><testcase classname="backend.tests.test_iteration2.TestYearlyUncatSplit" name="test_uncategorized_split_into_income_and_expense" time="0.528" /></testsuite></testsuites>