<?xml version="1.0" encoding="utf-8"?><testsuites name="pytest tests"><testsuite name="pytest" errors="0" failures="0" skipped="1" tests="68" time="107.415" timestamp="2026-05-08T15:08:23.710179+00:00" hostname="agent-env-ae0bac02-c032-4898-972e-c7fe5916774c"><testcase classname="tests.test_iteration2.TestBulkCategorize" name="test_bulk_no_ids_400" time="0.661" /><testcase classname="tests.test_iteration2.TestBulkCategorize" name="test_bulk_invalid_category_404" time="0.136" /><testcase classname="tests.test_iteration2.TestBulkCategorize" name="test_bulk_categorize_with_apply_to_similar" time="0.416" /><testcase classname="tests.test_iteration2.TestBulkCategorize" name="test_bulk_categorize_multiple_ids_no_rule" time="0.394" /><testcase classname="tests.test_iteration2.TestExport" name="test_export_basic_headers" time="0.132" /><testcase classname="tests.test_iteration2.TestExport" name="test_export_year_filter" time="0.326" /><testcase classname="tests.test_iteration2.TestExport" name="test_export_uncategorized_label" time="0.633" /><testcase classname="tests.test_iteration2.TestRecurring" name="test_recurring_detects_monthly" time="0.139" /><testcase classname="tests.test_iteration2.TestRecurring" name="test_recurring_lookback_filter" time="0.126" /><testcase classname="tests.test_iteration2.TestRecurring" name="test_recurring_empty_project" time="0.484" /><testcase classname="tests.test_iteration2.TestYearlyUncatSplit" name="test_uncategorized_split_into_income_and_expense" time="0.760" /><testcase classname="tests.test_iteration5.TestUploadFormats" name="test_csv_still_works" time="0.348" /><testcase classname="tests.test_iteration5.TestUploadFormats" name="test_tsv" time="0.167" /><testcase classname="tests.test_iteration5.TestUploadFormats" name="test_xlsx" time="0.248" /><testcase classname="tests.test_iteration5.TestUploadFormats" name="test_xls" time="0.010"><skipped type="pytest.skip" message="xlwt not installed - cannot author .xls in-test">/app/backend/tests/test_iteration5.py:104: xlwt not installed - cannot author .xls in-test</skipped></testcase><testcase classname="tests.test_iteration5.TestUploadFormats" name="test_ods" time="0.336" /><testcase classname="tests.test_iteration5.TestUploadFormats" name="test_ofx" time="0.413" /><testcase classname="tests.test_iteration5.TestUploadFormats" name="test_unknown_extension_falls_back_to_csv" time="0.162" /><testcase classname="tests.test_iteration5.TestGoogleSheetUrlHelper" name="test_transformations" time="3.619" /><testcase classname="tests.test_iteration5.TestImportUrl" name="test_project_not_found" time="0.207" /><testcase classname="tests.test_iteration5.TestImportUrl" name="test_non_google_csv_url" time="0.395" /><testcase classname="tests.test_iteration5.TestImportUrl" name="test_google_sheets_private_url_gives_helpful_error" time="0.317" /><testcase classname="tests.test_iteration5.TestImportUrl" name="test_google_sheets_url_transforms_and_imports_via_mock" time="0.417" /><testcase classname="tests.test_iteration5.TestParserUnits" name="test_parse_tsv" time="0.003" /><testcase classname="tests.test_iteration5.TestParserUnits" name="test_parse_excel" time="0.009" /><testcase classname="tests.test_iteration5.TestParserUnits" name="test_parse_ods" time="0.005" /><testcase classname="tests.test_iteration5.TestParserUnits" name="test_parse_ofx" time="0.051" /><testcase classname="tests.test_iteration5.TestParserUnits" name="test_detect_format" time="0.147" /><testcase classname="tests.test_iteration6.TestParserTypeColumn" name="test_type_column_dr_cr" time="0.002" /><testcase classname="tests.test_iteration6.TestParserTypeColumn" name="test_debit_credit_columns_take_precedence" time="0.001" /><testcase classname="tests.test_iteration6.TestParserTypeColumn" name="test_signed_amount_no_regression" time="0.001" /><testcase classname="tests.test_iteration6.TestReclassify" name="test_upload_type_csv_yields_correct_signs" time="0.495" /><testcase classname="tests.test_iteration6.TestReclassify" name="test_reclassify_endpoint_returns_shape" time="0.169" /><testcase classname="tests.test_iteration6.TestSettings" name="test_get_default_settings" time="0.157" /><testcase classname="tests.test_iteration6.TestSettings" name="test_put_partial_update_persists" time="0.580" /><testcase classname="tests.test_iteration6.TestSettings" name="test_put_invalid_provider_rejected" time="0.154" /><testcase classname="tests.test_iteration6.TestSettings" name="test_test_ollama_unreachable_graceful" time="0.178" /><testcase classname="tests.test_iteration6.TestSuggestDispatch" name="test_suggest_disabled" time="0.563" /><testcase classname="tests.test_iteration6.TestSuggestDispatch" name="test_suggest_ollama_unreachable_graceful" time="0.605" /><testcase classname="tests.test_iteration6.TestSuggestDispatch" name="test_suggest_emergent_works" time="70.374" /><testcase classname="tests.test_iteration7.TestSingleUpdateSignFlip" name="test_positive_to_expense_flips_to_negative" time="0.925" /><testcase classname="tests.test_iteration7.TestSingleUpdateSignFlip" name="test_negative_to_income_flips_to_positive" time="0.542" /><testcase classname="tests.test_iteration7.TestBulkCategorizeSignFlip" name="test_bulk_categorize_flips_all" time="0.672" /><testcase classname="tests.test_iteration7.TestApplyToSimilarSignFlip" name="test_apply_to_similar_flips_back_applied" time="0.576" /><testcase classname="tests.test_iteration7.TestReclassifyEnhanced" name="test_reclassify_fixes_categorized_and_uncategorized" time="0.395" /><testcase classname="tests.test_iteration7.TestAnalyticsAfterCategorize" name="test_yearly_split_correctly_after_assign" time="0.703" /><testcase classname="tests.test_iteration7.TestSettingsEmergentKey" name="test_get_settings_includes_emergent_key_field" time="0.144" /><testcase classname="tests.test_iteration7.TestSettingsEmergentKey" name="test_put_emergent_key_persists" time="0.633" /><testcase classname="tests.test_iteration7.TestSettingsEmergentKey" name="test_test_emergent_with_garbage_key" time="0.180" /><testcase classname="tests.test_iteration7.TestSettingsEmergentKey" name="test_test_emergent_with_bundled_env_key" time="1.738" /><testcase classname="tests.test_iteration7.TestBulkSuggest" name="test_bulk_suggest_400_when_provider_none" time="0.577" /><testcase classname="tests.test_iteration7.TestBulkSuggest" name="test_bulk_suggest_400_when_emergent_no_key" time="3.043" /><testcase classname="tests.test_iteration7.TestBulkSuggest" name="test_bulk_suggest_response_shape_minimal" time="4.477" /><testcase classname="tests.test_ledgerly.TestProjects" name="test_create_seeds_9_default_categories" time="0.328" /><testcase classname="tests.test_ledgerly.TestProjects" name="test_list_projects_includes_created" time="0.165" /><testcase classname="tests.test_ledgerly.TestProjects" name="test_delete_cascades" time="0.776" /><testcase classname="tests.test_ledgerly.TestCategories" name="test_create_invalid_type_rejected" time="0.137" /><testcase classname="tests.test_ledgerly.TestCategories" name="test_create_update_delete_nulls_tx" time="1.019" /><testcase classname="tests.test_ledgerly.TestUploadCSV" name="test_csv_date_description_amount" time="0.150" /><testcase classname="tests.test_ledgerly.TestUploadCSV" name="test_csv_dedupe_on_reupload" time="0.161" /><testcase classname="tests.test_ledgerly.TestUploadCSV" name="test_csv_debit_credit_variant" time="0.673" /><testcase classname="tests.test_ledgerly.TestFilters" name="test_filter_year_month_uncategorized" time="0.279" /><testcase classname="tests.test_ledgerly.TestRules" name="test_apply_to_similar_creates_rule_and_back_applies" time="0.547" /><testcase classname="tests.test_ledgerly.TestRules" name="test_subsequent_upload_auto_categorizes_via_rule" time="0.330" /><testcase classname="tests.test_ledgerly.TestSuggest" name="test_suggest_returns_valid_category" time="1.779" /><testcase classname="tests.test_ledgerly.TestAnalytics" name="test_yearly" time="0.182" /><testcase classname="tests.test_ledgerly.TestAnalytics" name="test_category_detail" time="0.152" /><testcase classname="tests.test_ledgerly.TestAnalytics" name="test_years" time="0.308" /></testsuite></testsuites>