<?xml version="1.0" encoding="utf-8"?><testsuites name="pytest tests"><testsuite name="pytest" errors="0" failures="0" skipped="0" tests="15" time="12.102" timestamp="2026-05-12T18:13:16.094841+00:00" hostname="agent-env-ae0bac02-c032-4898-972e-c7fe5916774c"><testcase classname="tests.test_iteration11_bank_subcat.TestBankAccountsCRUD" name="test_create_then_list" time="0.534" /><testcase classname="tests.test_iteration11_bank_subcat.TestBankAccountsCRUD" name="test_duplicate_returns_409" time="0.203" /><testcase classname="tests.test_iteration11_bank_subcat.TestBankAccountsCRUD" name="test_update_name_color_sort_code" time="0.247" /><testcase classname="tests.test_iteration11_bank_subcat.TestBankAccountsCRUD" name="test_delete_detaches_transactions" time="1.746" /><testcase classname="tests.test_iteration11_bank_subcat.TestPdfAutoDetect" name="test_nationwide_auto_create" time="1.732" /><testcase classname="tests.test_iteration11_bank_subcat.TestPdfAutoDetect" name="test_bos_auto_create" time="1.243" /><testcase classname="tests.test_iteration11_bank_subcat.TestPdfAutoDetect" name="test_nationwide_reupload_reuses_account" time="1.183" /><testcase classname="tests.test_iteration11_bank_subcat.TestPdfAutoDetect" name="test_transactions_have_time_and_sequential" time="0.260" /><testcase classname="tests.test_iteration11_bank_subcat.TestPdfAutoDetect" name="test_bank_account_filter_on_listings" time="0.790" /><testcase classname="tests.test_iteration11_bank_subcat.TestSubCategories" name="test_create_subcategory" time="0.458" /><testcase classname="tests.test_iteration11_bank_subcat.TestSubCategories" name="test_one_level_deep_enforced" time="0.297" /><testcase classname="tests.test_iteration11_bank_subcat.TestSubCategories" name="test_put_clears_parent_with_empty_string" time="0.385" /><testcase classname="tests.test_iteration11_bank_subcat.TestSubCategories" name="test_delete_parent_detaches_children" time="1.134" /><testcase classname="tests.test_iteration11_bank_subcat.TestBudgetRollup" name="test_child_spend_rolls_into_parent_budget" time="1.211" /><testcase classname="tests.test_iteration11_bank_subcat" name="test_project_delete_cascades_bank_accounts" time="0.587" /></testsuite></testsuites>