<?xml version="1.0" encoding="utf-8"?><testsuites name="pytest tests"><testsuite name="pytest" errors="0" failures="0" skipped="0" tests="10" time="14.582" timestamp="2026-05-12T21:12:53.386084+00:00" hostname="agent-env-ae0bac02-c032-4898-972e-c7fe5916774c"><testcase classname="backend.tests.test_iteration12_splits.TestSplitHappyPath" name="test_split_creates_children_and_flags_parent" time="1.435" /><testcase classname="backend.tests.test_iteration12_splits.TestSplitHappyPath" name="test_list_splits_endpoint" time="0.279" /><testcase classname="backend.tests.test_iteration12_splits.TestSplitHappyPath" name="test_unsplit_clears_children_and_flag" time="0.725" /><testcase classname="backend.tests.test_iteration12_splits.TestSplitValidation" name="test_sum_mismatch" time="0.929" /><testcase classname="backend.tests.test_iteration12_splits.TestSplitValidation" name="test_sign_mismatch" time="0.267" /><testcase classname="backend.tests.test_iteration12_splits.TestSplitValidation" name="test_fewer_than_two_lines" time="0.268" /><testcase classname="backend.tests.test_iteration12_splits.TestSplitValidation" name="test_cannot_resplit_or_split_child" time="0.867" /><testcase classname="backend.tests.test_iteration12_splits.TestAnalyticsBudgetsExcludeSplitParents" name="test_yearly_total_unchanged_after_split" time="8.693" /><testcase classname="backend.tests.test_iteration12_splits.TestAnalyticsBudgetsExcludeSplitParents" name="test_budgets_progress_uses_child_spend" time="0.321" /><testcase classname="backend.tests.test_iteration12_splits.TestDetectSplitsEndpoint" name="test_returns_400_when_ai_disabled" time="0.733" /></testsuite></testsuites>