<?xml version="1.0" encoding="utf-8"?><testsuites name="pytest tests"><testsuite name="pytest" errors="0" failures="0" skipped="1" tests="55" time="20.606" timestamp="2026-05-08T13:22:50.002540+00:00" hostname="agent-env-ae0bac02-c032-4898-972e-c7fe5916774c"><testcase classname="backend.tests.test_iteration2.TestBulkCategorize" name="test_bulk_no_ids_400" time="0.603" /><testcase classname="backend.tests.test_iteration2.TestBulkCategorize" name="test_bulk_invalid_category_404" time="0.143" /><testcase classname="backend.tests.test_iteration2.TestBulkCategorize" name="test_bulk_categorize_with_apply_to_similar" time="0.425" /><testcase classname="backend.tests.test_iteration2.TestBulkCategorize" name="test_bulk_categorize_multiple_ids_no_rule" time="0.518" /><testcase classname="backend.tests.test_iteration2.TestExport" name="test_export_basic_headers" time="0.126" /><testcase classname="backend.tests.test_iteration2.TestExport" name="test_export_year_filter" time="0.256" /><testcase classname="backend.tests.test_iteration2.TestExport" name="test_export_uncategorized_label" time="0.551" /><testcase classname="backend.tests.test_iteration2.TestRecurring" name="test_recurring_detects_monthly" time="0.120" /><testcase classname="backend.tests.test_iteration2.TestRecurring" name="test_recurring_lookback_filter" time="0.143" /><testcase classname="backend.tests.test_iteration2.TestRecurring" name="test_recurring_empty_project" time="0.479" /><testcase classname="backend.tests.test_iteration2.TestYearlyUncatSplit" name="test_uncategorized_split_into_income_and_expense" time="0.806" /><testcase classname="backend.tests.test_iteration5.TestUploadFormats" name="test_csv_still_works" time="0.314" /><testcase classname="backend.tests.test_iteration5.TestUploadFormats" name="test_tsv" time="0.150" /><testcase classname="backend.tests.test_iteration5.TestUploadFormats" name="test_xlsx" time="0.213" /><testcase classname="backend.tests.test_iteration5.TestUploadFormats" name="test_xls" time="0.007"><skipped type="pytest.skip" message="xlwt not installed - cannot author .xls in-test">/app/backend/tests/test_iteration5.py:104: xlwt not installed - cannot author .xls in-test</skipped></testcase><testcase classname="backend.tests.test_iteration5.TestUploadFormats" name="test_ods" time="0.210" /><testcase classname="backend.tests.test_iteration5.TestUploadFormats" name="test_ofx" time="0.337" /><testcase classname="backend.tests.test_iteration5.TestUploadFormats" name="test_unknown_extension_falls_back_to_csv" time="0.132" /><testcase classname="backend.tests.test_iteration5.TestGoogleSheetUrlHelper" name="test_transformations" time="1.822" /><testcase classname="backend.tests.test_iteration5.TestImportUrl" name="test_project_not_found" time="0.123" /><testcase classname="backend.tests.test_iteration5.TestImportUrl" name="test_non_google_csv_url" time="0.332" /><testcase classname="backend.tests.test_iteration5.TestImportUrl" name="test_google_sheets_private_url_gives_helpful_error" time="0.280" /><testcase classname="backend.tests.test_iteration5.TestImportUrl" name="test_google_sheets_url_transforms_and_imports_via_mock" time="0.447" /><testcase classname="backend.tests.test_iteration5.TestParserUnits" name="test_parse_tsv" time="0.002" /><testcase classname="backend.tests.test_iteration5.TestParserUnits" name="test_parse_excel" time="0.008" /><testcase classname="backend.tests.test_iteration5.TestParserUnits" name="test_parse_ods" time="0.005" /><testcase classname="backend.tests.test_iteration5.TestParserUnits" name="test_parse_ofx" time="0.048" /><testcase classname="backend.tests.test_iteration5.TestParserUnits" name="test_detect_format" time="0.140" /><testcase classname="backend.tests.test_iteration6.TestParserTypeColumn" name="test_type_column_dr_cr" time="0.002" /><testcase classname="backend.tests.test_iteration6.TestParserTypeColumn" name="test_debit_credit_columns_take_precedence" time="0.001" /><testcase classname="backend.tests.test_iteration6.TestParserTypeColumn" name="test_signed_amount_no_regression" time="0.001" /><testcase classname="backend.tests.test_iteration6.TestReclassify" name="test_upload_type_csv_yields_correct_signs" time="0.452" /><testcase classname="backend.tests.test_iteration6.TestReclassify" name="test_reclassify_endpoint_returns_shape" time="0.141" /><testcase classname="backend.tests.test_iteration6.TestSettings" name="test_get_default_settings" time="0.130" /><testcase classname="backend.tests.test_iteration6.TestSettings" name="test_put_partial_update_persists" time="0.524" /><testcase classname="backend.tests.test_iteration6.TestSettings" name="test_put_invalid_provider_rejected" time="0.154" /><testcase classname="backend.tests.test_iteration6.TestSettings" name="test_test_ollama_unreachable_graceful" time="0.141" /><testcase classname="backend.tests.test_iteration6.TestSuggestDispatch" name="test_suggest_disabled" time="0.546" /><testcase classname="backend.tests.test_iteration6.TestSuggestDispatch" name="test_suggest_ollama_unreachable_graceful" time="0.571" /><testcase classname="backend.tests.test_iteration6.TestSuggestDispatch" name="test_suggest_emergent_works" time="2.161" /><testcase classname="backend.tests.test_ledgerly.TestProjects" name="test_create_seeds_9_default_categories" time="0.309" /><testcase classname="backend.tests.test_ledgerly.TestProjects" name="test_list_projects_includes_created" time="0.123" /><testcase classname="backend.tests.test_ledgerly.TestProjects" name="test_delete_cascades" time="0.758" /><testcase classname="backend.tests.test_ledgerly.TestCategories" name="test_create_invalid_type_rejected" time="0.129" /><testcase classname="backend.tests.test_ledgerly.TestCategories" name="test_create_update_delete_nulls_tx" time="0.910" /><testcase classname="backend.tests.test_ledgerly.TestUploadCSV" name="test_csv_date_description_amount" time="0.160" /><testcase classname="backend.tests.test_ledgerly.TestUploadCSV" name="test_csv_dedupe_on_reupload" time="0.185" /><testcase classname="backend.tests.test_ledgerly.TestUploadCSV" name="test_csv_debit_credit_variant" time="0.680" /><testcase classname="backend.tests.test_ledgerly.TestFilters" name="test_filter_year_month_uncategorized" time="0.252" /><testcase classname="backend.tests.test_ledgerly.TestRules" name="test_apply_to_similar_creates_rule_and_back_applies" time="0.530" /><testcase classname="backend.tests.test_ledgerly.TestRules" name="test_subsequent_upload_auto_categorizes_via_rule" time="0.267" /><testcase classname="backend.tests.test_ledgerly.TestSuggest" name="test_suggest_returns_valid_category" time="1.700" /><testcase classname="backend.tests.test_ledgerly.TestAnalytics" name="test_yearly" time="0.188" /><testcase classname="backend.tests.test_ledgerly.TestAnalytics" name="test_category_detail" time="0.126" /><testcase classname="backend.tests.test_ledgerly.TestAnalytics" name="test_years" time="0.285" /></testsuite></testsuites>