<?xml version="1.0" encoding="utf-8"?><testsuites name="pytest tests"><testsuite name="pytest" errors="0" failures="0" skipped="0" tests="12" time="7.882" timestamp="2026-05-08T13:22:37.416441+00:00" hostname="agent-env-ae0bac02-c032-4898-972e-c7fe5916774c"><testcase classname="backend.tests.test_iteration6.TestParserTypeColumn" name="test_type_column_dr_cr" time="2.063" /><testcase classname="backend.tests.test_iteration6.TestParserTypeColumn" name="test_debit_credit_columns_take_precedence" time="0.001" /><testcase classname="backend.tests.test_iteration6.TestParserTypeColumn" name="test_signed_amount_no_regression" time="0.001" /><testcase classname="backend.tests.test_iteration6.TestReclassify" name="test_upload_type_csv_yields_correct_signs" time="0.695" /><testcase classname="backend.tests.test_iteration6.TestReclassify" name="test_reclassify_endpoint_returns_shape" time="0.155" /><testcase classname="backend.tests.test_iteration6.TestSettings" name="test_get_default_settings" time="0.133" /><testcase classname="backend.tests.test_iteration6.TestSettings" name="test_put_partial_update_persists" time="0.541" /><testcase classname="backend.tests.test_iteration6.TestSettings" name="test_put_invalid_provider_rejected" time="0.129" /><testcase classname="backend.tests.test_iteration6.TestSettings" name="test_test_ollama_unreachable_graceful" time="0.189" /><testcase classname="backend.tests.test_iteration6.TestSuggestDispatch" name="test_suggest_disabled" time="0.512" /><testcase classname="backend.tests.test_iteration6.TestSuggestDispatch" name="test_suggest_ollama_unreachable_graceful" time="0.600" /><testcase classname="backend.tests.test_iteration6.TestSuggestDispatch" name="test_suggest_emergent_works" time="2.793" /></testsuite></testsuites>