<?xml version="1.0" encoding="utf-8"?><testsuites name="pytest tests"><testsuite name="pytest" errors="0" failures="0" skipped="0" tests="14" time="12.248" timestamp="2026-05-08T21:16:09.501620+00:00" hostname="agent-env-ae0bac02-c032-4898-972e-c7fe5916774c"><testcase classname="backend.tests.test_iteration8_budgets.TestBudgetsCRUD" name="test_empty_list_on_fresh_project" time="0.631" /><testcase classname="backend.tests.test_iteration8_budgets.TestBudgetsCRUD" name="test_upsert_insert_then_update_no_duplicate" time="0.768" /><testcase classname="backend.tests.test_iteration8_budgets.TestBudgetsCRUD" name="test_different_period_creates_separate_row" time="0.869" /><testcase classname="backend.tests.test_iteration8_budgets.TestBudgetsCRUD" name="test_amount_zero_deletes" time="0.894" /><testcase classname="backend.tests.test_iteration8_budgets.TestBudgetsCRUD" name="test_validations" time="0.784" /><testcase classname="backend.tests.test_iteration8_budgets.TestBudgetsCRUD" name="test_delete_endpoint" time="0.781" /><testcase classname="backend.tests.test_iteration8_budgets.TestBudgetsProgress" name="test_progress_no_tx_ok" time="0.727" /><testcase classname="backend.tests.test_iteration8_budgets.TestBudgetsProgress" name="test_progress_over_status" time="1.119" /><testcase classname="backend.tests.test_iteration8_budgets.TestBudgetsProgress" name="test_progress_warn_status" time="1.149" /><testcase classname="backend.tests.test_iteration8_budgets.TestRollover" name="test_rollover_with_prior_tx" time="1.015" /><testcase classname="backend.tests.test_iteration8_budgets.TestRollover" name="test_rollover_no_prior_tx_caps_at_12x" time="0.646" /><testcase classname="backend.tests.test_iteration8_budgets.TestCascadeDelete" name="test_delete_category_removes_budget" time="0.919" /><testcase classname="backend.tests.test_iteration8_budgets.TestCascadeDelete" name="test_delete_project_removes_all_budgets" time="0.886" /><testcase classname="backend.tests.test_iteration8_budgets.TestIncomeTarget" name="test_income_progress_uses_received_as_spent" time="0.985" /></testsuite></testsuites>