<?xml version="1.0" encoding="utf-8"?><testsuites name="pytest tests"><testsuite name="pytest" errors="0" failures="0" skipped="0" tests="13" time="17.095" timestamp="2026-05-08T15:08:01.504805+00:00" hostname="agent-env-ae0bac02-c032-4898-972e-c7fe5916774c"><testcase classname="tests.test_iteration7.TestSingleUpdateSignFlip" name="test_positive_to_expense_flips_to_negative" time="4.084" /><testcase classname="tests.test_iteration7.TestSingleUpdateSignFlip" name="test_negative_to_income_flips_to_positive" time="0.597" /><testcase classname="tests.test_iteration7.TestBulkCategorizeSignFlip" name="test_bulk_categorize_flips_all" time="0.631" /><testcase classname="tests.test_iteration7.TestApplyToSimilarSignFlip" name="test_apply_to_similar_flips_back_applied" time="0.602" /><testcase classname="tests.test_iteration7.TestReclassifyEnhanced" name="test_reclassify_fixes_categorized_and_uncategorized" time="0.343" /><testcase classname="tests.test_iteration7.TestAnalyticsAfterCategorize" name="test_yearly_split_correctly_after_assign" time="0.749" /><testcase classname="tests.test_iteration7.TestSettingsEmergentKey" name="test_get_settings_includes_emergent_key_field" time="0.150" /><testcase classname="tests.test_iteration7.TestSettingsEmergentKey" name="test_put_emergent_key_persists" time="0.593" /><testcase classname="tests.test_iteration7.TestSettingsEmergentKey" name="test_test_emergent_with_garbage_key" time="0.905" /><testcase classname="tests.test_iteration7.TestSettingsEmergentKey" name="test_test_emergent_with_bundled_env_key" time="1.740" /><testcase classname="tests.test_iteration7.TestBulkSuggest" name="test_bulk_suggest_400_when_provider_none" time="0.674" /><testcase classname="tests.test_iteration7.TestBulkSuggest" name="test_bulk_suggest_400_when_emergent_no_key" time="2.986" /><testcase classname="tests.test_iteration7.TestBulkSuggest" name="test_bulk_suggest_response_shape_minimal" time="2.738" /></testsuite></testsuites>