<?xml version="1.0" encoding="utf-8"?><testsuites name="pytest tests"><testsuite name="pytest" errors="0" failures="0" skipped="0" tests="15" time="6.377" timestamp="2026-05-08T09:47:57.636651+00:00" hostname="agent-env-ae0bac02-c032-4898-972e-c7fe5916774c"><testcase classname="backend.tests.test_ledgerly.TestProjects" name="test_create_seeds_9_default_categories" time="0.385" /><testcase classname="backend.tests.test_ledgerly.TestProjects" name="test_list_projects_includes_created" time="0.104" /><testcase classname="backend.tests.test_ledgerly.TestProjects" name="test_delete_cascades" time="0.528" /><testcase classname="backend.tests.test_ledgerly.TestCategories" name="test_create_invalid_type_rejected" time="0.138" /><testcase classname="backend.tests.test_ledgerly.TestCategories" name="test_create_update_delete_nulls_tx" time="0.771" /><testcase classname="backend.tests.test_ledgerly.TestUploadCSV" name="test_csv_date_description_amount" time="0.135" /><testcase classname="backend.tests.test_ledgerly.TestUploadCSV" name="test_csv_dedupe_on_reupload" time="0.137" /><testcase classname="backend.tests.test_ledgerly.TestUploadCSV" name="test_csv_debit_credit_variant" time="0.443" /><testcase classname="backend.tests.test_ledgerly.TestFilters" name="test_filter_year_month_uncategorized" time="0.201" /><testcase classname="backend.tests.test_ledgerly.TestRules" name="test_apply_to_similar_creates_rule_and_back_applies" time="0.462" /><testcase classname="backend.tests.test_ledgerly.TestRules" name="test_subsequent_upload_auto_categorizes_via_rule" time="0.201" /><testcase classname="backend.tests.test_ledgerly.TestSuggest" name="test_suggest_returns_valid_category" time="2.230" /><testcase classname="backend.tests.test_ledgerly.TestAnalytics" name="test_yearly" time="0.137" /><testcase classname="backend.tests.test_ledgerly.TestAnalytics" name="test_category_detail" time="0.144" /><testcase classname="backend.tests.test_ledgerly.TestAnalytics" name="test_years" time="0.280" /></testsuite></testsuites>